<?xml version="1.0" encoding="UTF-8"?>
<!-- Generated by org.testng.reporters.JUnitXMLReporter -->
<testsuite ignored="0" hostname="PRATIKSHA-07" failures="2" tests="8" name="Test" time="0.073" errors="0" timestamp="2024-01-03T23:29:46 IST">
  <testcase classname="listeners_testNg.MyClass1" name="tc_7" time="0.008">
    <failure type="java.lang.AssertionError" message="null">
      <![CDATA[java.lang.AssertionError: null
at listeners_testNg.MyClass1.tc_7(MyClass1.java:22)
at java.base/java.util.ArrayList.forEach(ArrayList.java:1511)
... Removed 29 stack frames]]>
    </failure>
  </testcase> <!-- tc_7 -->
  <testcase classname="listeners_testNg.MyClass1" name="tc_8" time="0.001"/>
  <testcase classname="listeners_testNg.MyClass1" name="tc_6" time="0.002"/>
  <testcase classname="listeners_testNg.MyClass1" name="tc_5" time="0.0">
    <skipped/>
  </testcase> <!-- tc_5 -->
  <testcase classname="listeners_testNg.MyClass2" name="tc_11" time="0.002">
    <failure type="java.lang.AssertionError" message="null">
      <![CDATA[java.lang.AssertionError: null
at listeners_testNg.MyClass2.tc_11(MyClass2.java:22)
at java.base/java.util.ArrayList.forEach(ArrayList.java:1511)
... Removed 29 stack frames]]>
    </failure>
  </testcase> <!-- tc_11 -->
  <testcase classname="listeners_testNg.MyClass2" name="tc_12" time="0.002"/>
  <testcase classname="listeners_testNg.MyClass2" name="tc_9" time="0.0"/>
  <testcase classname="listeners_testNg.MyClass2" name="tc_10" time="0.0">
    <skipped/>
  </testcase> <!-- tc_10 -->
</testsuite> <!-- Test -->
